<?xml version="1.0" encoding="UTF-8"?>
<testng-results ignored="0" total="1" passed="1" failed="0" skipped="0">
  <reporter-output>
  </reporter-output>
  <suite started-at="2022-10-02T00:05:00 IST" name="Suite" finished-at="2022-10-02T00:05:03 IST" duration-ms="3430">
    <groups>
    </groups>
    <test started-at="2022-10-02T00:05:00 IST" name="Test" finished-at="2022-10-02T00:05:03 IST" duration-ms="3430">
      <class name="Learning.Finalwork">
        <test-method signature="goods()[pri:0, instance:Learning.Finalwork@659a969b]" started-at="2022-10-02T00:05:00 IST" name="goods" finished-at="2022-10-02T00:05:03 IST" duration-ms="3400" status="PASS">
          <reporter-output>
          </reporter-output>
        </test-method> <!-- goods -->
      </class> <!-- Learning.Finalwork -->
    </test> <!-- Test -->
  </suite> <!-- Suite -->
</testng-results>
