<?xml version="1.0" encoding="UTF-8"?>
<testng-results ignored="0" total="1" passed="1" failed="0" skipped="0">
  <reporter-output>
  </reporter-output>
  <suite started-at="2022-10-01T23:04:39 IST" name="Default suite" finished-at="2022-10-01T23:04:39 IST" duration-ms="35">
    <groups>
    </groups>
    <test started-at="2022-10-01T23:04:39 IST" name="Default test" finished-at="2022-10-01T23:04:39 IST" duration-ms="35">
      <class name="Learning.Finalwork">
        <test-method signature="goods()[pri:0, instance:Learning.Finalwork@2667f029]" started-at="2022-10-01T23:04:39 IST" name="goods" finished-at="2022-10-01T23:04:39 IST" duration-ms="5" status="PASS">
          <reporter-output>
          </reporter-output>
        </test-method> <!-- goods -->
      </class> <!-- Learning.Finalwork -->
    </test> <!-- Default test -->
  </suite> <!-- Default suite -->
</testng-results>
